2025-03-15 21:55:35.132 | INFO     | utils.logger:<module>:39 - Logging to file: logs\project_log.log
2025-03-15 21:55:35.133 | INFO     | __main__:main:41 - Starting data preparation...
2025-03-15 21:55:35.133 | INFO     | __main__:read_raw_data:26 - Reading raw data from C:\Users\cusin\Downloads\Karto\BI AND ANALYTICS\Projects\smart-store-karto\data\raw\customers_data.csv.
2025-03-15 21:55:35.162 | INFO     | __main__:read_raw_data:26 - Reading raw data from C:\Users\cusin\Downloads\Karto\BI AND ANALYTICS\Projects\smart-store-karto\data\raw\products_data.csv.
2025-03-15 21:55:35.186 | INFO     | __main__:read_raw_data:26 - Reading raw data from C:\Users\cusin\Downloads\Karto\BI AND ANALYTICS\Projects\smart-store-karto\data\raw\sales_data.csv.
2025-03-15 21:55:35.220 | INFO     | __main__:main:45 - Data preparation complete.
2025-03-16 12:44:08.074 | INFO     | utils.logger:<module>:39 - Logging to file: logs\project_log.log
2025-03-16 12:44:08.082 | INFO     | __main__:main:59 - ======================
2025-03-16 12:44:08.083 | INFO     | __main__:main:60 - STARTING data_prep.py
2025-03-16 12:44:08.085 | INFO     | __main__:main:61 - ======================
2025-03-16 12:44:08.086 | INFO     | __main__:main:63 - ========================
2025-03-16 12:44:08.086 | INFO     | __main__:main:64 - Starting CUSTOMERS prep
2025-03-16 12:44:08.087 | INFO     | __main__:main:65 - ========================
2025-03-16 12:44:08.169 | INFO     | __main__:save_prepared_data:55 - Data saved to C:\Users\cusin\Downloads\Karto\BI AND ANALYTICS\Projects\smart-store-karto\data\prepared\customers_data_prepared.csv
2025-03-16 12:44:08.170 | INFO     | __main__:main:85 - ========================
2025-03-16 12:44:08.171 | INFO     | __main__:main:86 - Starting PRODUCTS prep
2025-03-16 12:44:08.172 | INFO     | __main__:main:87 - ========================
2025-03-16 12:44:08.217 | INFO     | __main__:save_prepared_data:55 - Data saved to C:\Users\cusin\Downloads\Karto\BI AND ANALYTICS\Projects\smart-store-karto\data\prepared\products_data_prepared.csv
2025-03-16 12:44:08.218 | INFO     | __main__:main:103 - ========================
2025-03-16 12:44:08.219 | INFO     | __main__:main:104 - Starting SALES prep
2025-03-16 12:44:08.219 | INFO     | __main__:main:105 - ========================
2025-03-16 12:44:08.331 | INFO     | __main__:save_prepared_data:55 - Data saved to C:\Users\cusin\Downloads\Karto\BI AND ANALYTICS\Projects\smart-store-karto\data\prepared\sales_data_prepared.csv
2025-03-16 12:44:08.331 | INFO     | __main__:main:124 - ======================
2025-03-16 12:44:08.332 | INFO     | __main__:main:125 - FINISHED data_prep.py
2025-03-16 12:44:08.333 | INFO     | __main__:main:126 - ======================
